  Player.cpp
D:\project c++\testSFML\PlatformerGame\PlatformerGame\Player.cpp(96,41): warning C4244: +=: преобразование "double" в "T", возможна потеря данных
          with
          [
              T=float
          ]
D:\project c++\testSFML\PlatformerGame\PlatformerGame\Player.cpp(121,29): warning C4244: =: преобразование "float" в "T", возможна потеря данных
          with
          [
              T=int
          ]
D:\project c++\testSFML\PlatformerGame\PlatformerGame\Player.cpp(122,35): warning C4244: +=: преобразование "float" в "T", возможна потеря данных
          with
          [
              T=int
          ]
D:\project c++\testSFML\PlatformerGame\PlatformerGame\Player.cpp(135,29): warning C4244: =: преобразование "float" в "T", возможна потеря данных
          with
          [
              T=int
          ]
D:\project c++\testSFML\PlatformerGame\PlatformerGame\Player.cpp(136,35): warning C4244: +=: преобразование "float" в "T", возможна потеря данных
          with
          [
              T=int
          ]
D:\project c++\testSFML\PlatformerGame\PlatformerGame\Player.cpp(59): warning C4172: возвращение адреса локальной или временной переменной : anim_swith
  PlatformerGame.vcxproj -> D:\project c++\testSFML\PlatformerGame\x64\Debug\PlatformerGame.exe
